<?xml version="1.0" encoding="UTF-8"?>
<testng-results skipped="0" failed="0" ignored="0" total="4" passed="4">
  <reporter-output>
  </reporter-output>
  <suite name="Twitter Api Automation testing " duration-ms="4574" started-at="2019-04-17T22:26:03Z" finished-at="2019-04-17T22:26:07Z">
    <groups>
    </groups>
    <test name="Twitter Home" duration-ms="4574" started-at="2019-04-17T22:26:03Z" finished-at="2019-04-17T22:26:07Z">
      <class name="apiTest.TweetsTest">
        <test-method status="PASS" signature="setUp()[pri:0, instance:apiTest.TweetsTest@13fee20c]" name="setUp" is-config="true" duration-ms="18" started-at="2019-04-17T22:26:03Z" finished-at="2019-04-17T22:26:03Z">
          <reporter-output>
          </reporter-output>
        </test-method> <!-- setUp -->
        <test-method status="PASS" signature="cantNotTweetWithSameTweetTwiceInRow()[pri:0, instance:apiTest.TweetsTest@13fee20c]" name="cantNotTweetWithSameTweetTwiceInRow" duration-ms="2753" started-at="2019-04-17T22:26:03Z" finished-at="2019-04-17T22:26:05Z">
          <reporter-output>
          </reporter-output>
        </test-method> <!-- cantNotTweetWithSameTweetTwiceInRow -->
        <test-method status="PASS" signature="testCreateTweet()[pri:0, instance:apiTest.TweetsTest@13fee20c]" name="testCreateTweet" duration-ms="745" started-at="2019-04-17T22:26:05Z" finished-at="2019-04-17T22:26:06Z">
          <reporter-output>
          </reporter-output>
        </test-method> <!-- testCreateTweet -->
        <test-method status="PASS" signature="testGetUserTimeLine()[pri:0, instance:apiTest.TweetsTest@13fee20c]" name="testGetUserTimeLine" duration-ms="514" started-at="2019-04-17T22:26:06Z" finished-at="2019-04-17T22:26:07Z">
          <reporter-output>
          </reporter-output>
        </test-method> <!-- testGetUserTimeLine -->
        <test-method status="PASS" signature="testUserCanDeleteTweet()[pri:0, instance:apiTest.TweetsTest@13fee20c]" name="testUserCanDeleteTweet" duration-ms="531" started-at="2019-04-17T22:26:07Z" depends-on-methods="apiTest.TweetsTest.testCreateTweet" finished-at="2019-04-17T22:26:07Z">
          <reporter-output>
          </reporter-output>
        </test-method> <!-- testUserCanDeleteTweet -->
      </class> <!-- apiTest.TweetsTest -->
    </test> <!-- Twitter Home -->
  </suite> <!-- Twitter Api Automation testing  -->
</testng-results>
