<?xml version="1.0" encoding="UTF-8"?>
<testng-results skipped="0" failed="0" ignored="0" total="1" passed="1">
  <reporter-output>
  </reporter-output>
  <suite name="Twitter Api Automation testing " duration-ms="1865" started-at="2019-04-15T22:10:29Z" finished-at="2019-04-15T22:10:31Z">
    <groups>
    </groups>
    <test name="Twitter Home" duration-ms="1865" started-at="2019-04-15T22:10:29Z" finished-at="2019-04-15T22:10:31Z">
      <class name="apiTest.TweetsTest">
        <test-method status="PASS" signature="setUp()[pri:0, instance:apiTest.TweetsTest@13fee20c]" name="setUp" is-config="true" duration-ms="10" started-at="2019-04-15T22:10:29Z" finished-at="2019-04-15T22:10:29Z">
          <reporter-output>
          </reporter-output>
        </test-method> <!-- setUp -->
        <test-method status="PASS" signature="testGetUserTimeLine()[pri:0, instance:apiTest.TweetsTest@13fee20c]" name="testGetUserTimeLine" duration-ms="1844" started-at="2019-04-15T22:10:29Z" finished-at="2019-04-15T22:10:31Z">
          <reporter-output>
          </reporter-output>
        </test-method> <!-- testGetUserTimeLine -->
      </class> <!-- apiTest.TweetsTest -->
    </test> <!-- Twitter Home -->
  </suite> <!-- Twitter Api Automation testing  -->
</testng-results>
